<?xml version="1.0" encoding="UTF-8"?>
<!-- Generated by org.testng.reporters.JUnitReportReporter -->
<testsuite hostname="DESKTOP-68JSISN" failures="0" tests="5" name="com.qa.test.NewUserRegistrationTest" time="21.897" errors="0" timestamp="2021-08-22T17:17:02 IST" skipped="4">
  <testcase classname="com.qa.test.NewUserRegistrationTest" name="verifyMismatchedConfirmPasswordRegisteration" time="21.897"/>
  <system-out/>
  <testcase classname="com.qa.test.NewUserRegistrationTest" name="verifyRegisterAccountWithoutCaptchaText">
    <skipped/>
  </testcase> <!-- verifyRegisterAccountWithoutCaptchaText -->
  <system-out/>
  <testcase classname="com.qa.test.NewUserRegistrationTest" name="verifyRegisterAccountFieldWithSpaceCharacter">
    <skipped/>
  </testcase> <!-- verifyRegisterAccountFieldWithSpaceCharacter -->
  <system-out/>
  <testcase classname="com.qa.test.NewUserRegistrationTest" name="verifyRegisterAccountWithValidData">
    <skipped/>
  </testcase> <!-- verifyRegisterAccountWithValidData -->
  <system-out/>
  <testcase classname="com.qa.test.NewUserRegistrationTest" name="verifyRegisterAccountWihtoutFillingData">
    <skipped/>
  </testcase> <!-- verifyRegisterAccountWihtoutFillingData -->
  <system-out/>
</testsuite> <!-- com.qa.test.NewUserRegistrationTest -->
